Connecting to database specified by database.yml
Compiled jquery.js  (4ms)  (pid 12018)
Compiled jquery_ujs.js  (0ms)  (pid 12018)
Compiled jquery.ui.core.js  (5ms)  (pid 12018)
Compiled jquery.ui.datepicker.js  (29ms)  (pid 12018)
Compiled bootstrap-transition.js  (0ms)  (pid 12018)
Compiled bootstrap-affix.js  (0ms)  (pid 12018)
Compiled bootstrap-alert.js  (0ms)  (pid 12018)
Compiled bootstrap-button.js  (0ms)  (pid 12018)
Compiled bootstrap-carousel.js  (0ms)  (pid 12018)
Compiled bootstrap-collapse.js  (0ms)  (pid 12018)
Compiled bootstrap-dropdown.js  (0ms)  (pid 12018)
Compiled bootstrap-modal.js  (0ms)  (pid 12018)
Compiled bootstrap-scrollspy.js  (0ms)  (pid 12018)
Compiled bootstrap-tab.js  (0ms)  (pid 12018)
Compiled bootstrap-tooltip.js  (1ms)  (pid 12018)
Compiled bootstrap-popover.js  (0ms)  (pid 12018)
Compiled bootstrap-typeahead.js  (1ms)  (pid 12018)
Compiled bootstrap.js  (290ms)  (pid 12018)
Compiled announcements.js  (109ms)  (pid 12018)
Compiled books.js  (2ms)  (pid 12018)
Compiled categories.js  (1ms)  (pid 12018)
Compiled comments.js  (1ms)  (pid 12018)
Compiled home.js  (1ms)  (pid 12018)
Compiled javascripts.js  (1ms)  (pid 12018)
Compiled jquery-ui-sliderAccess.js  (0ms)  (pid 12018)
Compiled jquery-ui-timepicker-addon.js  (1ms)  (pid 12018)
Compiled ratings.js  (1ms)  (pid 12018)
Compiled stocks.js  (1ms)  (pid 12018)
Compiled application.js  (873ms)  (pid 12018)
Compiled jquery.ui.core.css  (2ms)  (pid 12018)
Compiled jquery.ui.theme.css  (222ms)  (pid 12018)
Compiled jquery.ui.datepicker.css  (261ms)  (pid 12018)
Compiled announcements.css  (7ms)  (pid 12018)
Compiled books.css  (4ms)  (pid 12018)
Compiled bootstrap.css  (1ms)  (pid 12018)
Compiled bootstrap.min.css  (1ms)  (pid 12018)
Compiled bootstrap_and_overrides.css  (8293ms)  (pid 12018)
Compiled carts.css  (53ms)  (pid 12018)
Compiled categories.css  (2ms)  (pid 12018)
Compiled comments.css  (94ms)  (pid 12018)
Compiled home.css  (2ms)  (pid 12018)
Compiled javascripts.css  (2ms)  (pid 12018)
Compiled jquery-ui-timepicker-addon.css  (0ms)  (pid 12018)
Compiled ratings.css  (2ms)  (pid 12018)
Compiled stocks.css  (2ms)  (pid 12018)
Compiled application.css  (9201ms)  (pid 12018)
Compiled jquery.js  (48ms)  (pid 12018)
Compiled jquery_ujs.js  (0ms)  (pid 12018)
Compiled jquery.ui.core.js  (5ms)  (pid 12018)
Compiled jquery.ui.datepicker.js  (16ms)  (pid 12018)
Compiled bootstrap-transition.js  (0ms)  (pid 12018)
Compiled bootstrap-affix.js  (0ms)  (pid 12018)
Compiled bootstrap-alert.js  (0ms)  (pid 12018)
Compiled bootstrap-button.js  (0ms)  (pid 12018)
Compiled bootstrap-carousel.js  (1ms)  (pid 12018)
Compiled bootstrap-collapse.js  (0ms)  (pid 12018)
Compiled bootstrap-dropdown.js  (0ms)  (pid 12018)
Compiled bootstrap-modal.js  (0ms)  (pid 12018)
Compiled bootstrap-scrollspy.js  (0ms)  (pid 12018)
Compiled bootstrap-tab.js  (0ms)  (pid 12018)
Compiled bootstrap-tooltip.js  (0ms)  (pid 12018)
Compiled bootstrap-popover.js  (0ms)  (pid 12018)
Compiled bootstrap-typeahead.js  (0ms)  (pid 12018)
Compiled bootstrap.js  (204ms)  (pid 12018)
Compiled announcements.js  (105ms)  (pid 12018)
Compiled books.js  (2ms)  (pid 12018)
Compiled categories.js  (1ms)  (pid 12018)
Compiled comments.js  (1ms)  (pid 12018)
Compiled home.js  (1ms)  (pid 12018)
Compiled javascripts.js  (1ms)  (pid 12018)
Compiled jquery-ui-sliderAccess.js  (0ms)  (pid 12018)
Compiled jquery-ui-timepicker-addon.js  (1ms)  (pid 12018)
Compiled ratings.js  (1ms)  (pid 12018)
Compiled stocks.js  (1ms)  (pid 12018)
Compiled application.js  (547ms)  (pid 12018)
Compiled jquery.ui.core.css  (2ms)  (pid 12018)
Compiled jquery.ui.theme.css  (20ms)  (pid 12018)
Compiled jquery.ui.datepicker.css  (48ms)  (pid 12018)
Compiled announcements.css  (7ms)  (pid 12018)
Compiled books.css  (4ms)  (pid 12018)
Compiled bootstrap.css  (1ms)  (pid 12018)
Compiled bootstrap.min.css  (1ms)  (pid 12018)
Compiled bootstrap_and_overrides.css  (8329ms)  (pid 12018)
Compiled carts.css  (42ms)  (pid 12018)
Compiled categories.css  (2ms)  (pid 12018)
Compiled comments.css  (2ms)  (pid 12018)
Compiled home.css  (1ms)  (pid 12018)
Compiled javascripts.css  (1ms)  (pid 12018)
Compiled jquery-ui-timepicker-addon.css  (0ms)  (pid 12018)
Compiled ratings.css  (1ms)  (pid 12018)
Compiled stocks.css  (1ms)  (pid 12018)
Compiled application.css  (8760ms)  (pid 12018)
